<?xml version="1.0" encoding="UTF-8"?>
<testsuite name="com.example.DemoApplicationTests" time="0.008" tests="1" errors="1" skipped="0" failures="0">
  <properties>
[...]
</properties>
  <testcase name="com.example.DemoApplicationTests" classname="org.apache.maven.surefire.junit4.JUnit4Provider" time="0.008">
    <error message="org.junit.runner.notification.RunNotifier.testAborted(Lorg/junit/runner/Description;Ljava/lang/Throwable;)V" type="java.lang.NoSuchMethodError">java.lang.NoSuchMethodError: org.junit.runner.notification.RunNotifier.testAborted(Lorg/junit/runner/Description;Ljava/lang/Throwable;)V
	at org.springframework.test.context.junit4.SpringJUnit4ClassRunner.invokeTestMethod(SpringJUnit4ClassRunner.java:142)
	at org.junit.internal.runners.JUnit4ClassRunner.runMethods(JUnit4ClassRunner.java:61)
	at org.junit.internal.runners.JUnit4ClassRunner$1.run(JUnit4ClassRunner.java:54)
	at org.junit.internal.runners.ClassRoadie.runUnprotected(ClassRoadie.java:34)
	at org.junit.internal.runners.ClassRoadie.runProtected(ClassRoadie.java:44)
	at org.junit.internal.runners.JUnit4ClassRunner.run(JUnit4ClassRunner.java:52)
	at org.apache.maven.surefire.junit4.JUnit4Provider.execute(JUnit4Provider.java:283)
	at org.apache.maven.surefire.junit4.JUnit4Provider.executeWithRerun(JUnit4Provider.java:173)
	at org.apache.maven.surefire.junit4.JUnit4Provider.executeTestSet(JUnit4Provider.java:153)
	at org.apache.maven.surefire.junit4.JUnit4Provider.invoke(JUnit4Provider.java:128)
</error>
    <system-out><![CDATA[10:52:27.908 [main] DEBUG org.springframework.test.context.junit4.SpringJUnit4ClassRunner - SpringJUnit4ClassRunner constructor called with [class com.example.DemoApplicationTests].
10:52:27.914 [main] INFO org.springframework.test.context.TestContext - @ContextConfiguration not found for class [class com.example.DemoApplicationTests].
10:52:27.922 [main] INFO org.springframework.test.context.TestContextManager - @TestExecutionListeners is not present for class [class com.example.DemoApplicationTests]: using defaults.
10:52:27.952 [main] DEBUG org.springframework.test.context.junit4.SpringJUnit4ClassRunner - SpringJUnit4ClassRunner constructor called with [class com.example.DemoApplicationTests].
10:52:27.953 [main] INFO org.springframework.test.context.TestContext - @ContextConfiguration not found for class [class com.example.DemoApplicationTests].
10:52:27.953 [main] INFO org.springframework.test.context.TestContextManager - @TestExecutionListeners is not present for class [class com.example.DemoApplicationTests]: using defaults.
10:52:27.955 [main] DEBUG org.springframework.test.context.junit4.SpringJUnit4ClassRunner - Invoking test method [public void com.example.DemoApplicationTests.contextLoads()]
]]></system-out>
  </testcase>
</testsuite>